<?xml version="1.0" encoding="UTF-8"?>
<!-- Generated by org.testng.reporters.JUnitReportReporter -->
<testsuite hostname="Sivanesh" failures="0" tests="1" name="maven.testng" time="7.256" errors="0" timestamp="17 Oct 2022 07:11:34 GMT">
  <testcase classname="maven.testng" name="windowhandle" time="7.256"/>
</testsuite> <!-- maven.testng -->
