<?xml version="1.0" encoding="UTF-8"?>
<!-- Generated by org.testng.reporters.JUnitReportReporter -->
<testsuite hostname="Sivanesh" failures="0" tests="1" name="maven.new_tour" time="18.789" errors="0" timestamp="12 Oct 2022 10:24:14 GMT">
  <testcase classname="maven.new_tour" name="test_1" time="18.789"/>
</testsuite> <!-- maven.new_tour -->
