<?xml version="1.0" encoding="UTF-8"?>
<!-- Generated by org.testng.reporters.JUnitReportReporter -->
<testsuite hostname="Sivanesh" failures="0" tests="3" name="maven.e_commerce_shopping" time="83.544" errors="0" timestamp="11 Oct 2022 06:53:31 GMT">
  <testcase classname="maven.e_commerce_shopping" name="test3" time="56.987"/>
  <testcase classname="maven.e_commerce_shopping" name="test1" time="10.228"/>
  <testcase classname="maven.e_commerce_shopping" name="test2" time="16.329"/>
</testsuite> <!-- maven.e_commerce_shopping -->
